<?xml version="1.0" encoding="UTF-8"?>
<testng-results ignored="0" total="1" passed="1" failed="0" skipped="0">
  <reporter-output>
  </reporter-output>
  <suite started-at="2025-06-20T12:22:08Z" name="Default suite" finished-at="2025-06-20T12:22:16Z" duration-ms="7845">
    <groups>
      <group name="cucumber">
        <method signature="AbstractTestNGCucumberTests.runScenario(cucumber.api.testng.PickleEventWrapper, cucumber.api.testng.CucumberFeatureWrapper)[pri:0, instance:testRunner.AdminLogin@7283d3eb]" name="runScenario" class="cucumber.api.testng.AbstractTestNGCucumberTests"/>
      </group> <!-- cucumber -->
    </groups>
    <test started-at="2025-06-20T12:22:08Z" name="Default test" finished-at="2025-06-20T12:22:16Z" duration-ms="7845">
      <class name="testRunner.AdminLogin">
        <test-method is-config="true" signature="setUpClass()[pri:0, instance:testRunner.AdminLogin@7283d3eb]" started-at="2025-06-20T12:22:08Z" name="setUpClass" finished-at="2025-06-20T12:22:08Z" duration-ms="83" status="PASS">
          <reporter-output>
          </reporter-output>
        </test-method> <!-- setUpClass -->
        <test-method signature="runScenario(cucumber.api.testng.PickleEventWrapper, cucumber.api.testng.CucumberFeatureWrapper)[pri:0, instance:testRunner.AdminLogin@7283d3eb]" started-at="2025-06-20T12:22:08Z" name="runScenario" description="Runs Cucumber Scenarios" data-provider="scenarios" finished-at="2025-06-20T12:22:16Z" duration-ms="7680" status="PASS">
          <params>
            <param index="0">
              <value>
                <![CDATA[""]]>
              </value>
            </param>
            <param index="1">
              <value>
                <![CDATA["Admin login Functionality"]]>
              </value>
            </param>
          </params>
          <reporter-output>
          </reporter-output>
        </test-method> <!-- runScenario -->
        <test-method is-config="true" signature="tearDownClass()[pri:0, instance:testRunner.AdminLogin@7283d3eb]" started-at="2025-06-20T12:22:16Z" name="tearDownClass" finished-at="2025-06-20T12:22:16Z" duration-ms="3" status="PASS">
          <reporter-output>
          </reporter-output>
        </test-method> <!-- tearDownClass -->
      </class> <!-- testRunner.AdminLogin -->
    </test> <!-- Default test -->
  </suite> <!-- Default suite -->
</testng-results>
